c:\users\salon\downloads\tetris-game-main (1)\tetris-game-main\tetris\tetris\tetris\x64\debug\vc143.pdb
c:\users\salon\downloads\tetris-game-main (1)\tetris-game-main\tetris\tetris\tetris\x64\debug\vc143.idb
c:\users\salon\downloads\tetris-game-main (1)\tetris-game-main\tetris\tetris\tetris\x64\debug\position.obj
c:\users\salon\downloads\tetris-game-main (1)\tetris-game-main\tetris\tetris\tetris\x64\debug\main.obj
c:\users\salon\downloads\tetris-game-main (1)\tetris-game-main\tetris\tetris\tetris\x64\debug\grid.obj
c:\users\salon\downloads\tetris-game-main (1)\tetris-game-main\tetris\tetris\tetris\x64\debug\game.obj
c:\users\salon\downloads\tetris-game-main (1)\tetris-game-main\tetris\tetris\tetris\x64\debug\colors.obj
c:\users\salon\downloads\tetris-game-main (1)\tetris-game-main\tetris\tetris\tetris\x64\debug\blocks.obj
c:\users\salon\downloads\tetris-game-main (1)\tetris-game-main\tetris\tetris\tetris\x64\debug\blockdrop.obj
c:\users\salon\downloads\tetris-game-main (1)\tetris-game-main\tetris\tetris\tetris\x64\debug\block.obj
c:\users\salon\downloads\tetris-game-main (1)\tetris-game-main\tetris\tetris\x64\debug\tetris.exe
c:\users\salon\downloads\tetris-game-main (1)\tetris-game-main\tetris\tetris\x64\debug\tetris.pdb
c:\users\salon\downloads\tetris-game-main (1)\tetris-game-main\tetris\tetris\x64\debug\raylib.dll
c:\users\salon\downloads\tetris-game-main (1)\tetris-game-main\tetris\tetris\x64\debug\glfw3.dll
c:\users\salon\downloads\tetris-game-main (1)\tetris-game-main\tetris\tetris\tetris\x64\debug\tetris.ilk
c:\users\salon\downloads\tetris-game-main (1)\tetris-game-main\tetris\tetris\tetris\x64\debug\tetris.tlog\cl.command.1.tlog
c:\users\salon\downloads\tetris-game-main (1)\tetris-game-main\tetris\tetris\tetris\x64\debug\tetris.tlog\cl.items.tlog
c:\users\salon\downloads\tetris-game-main (1)\tetris-game-main\tetris\tetris\tetris\x64\debug\tetris.tlog\cl.read.1.tlog
c:\users\salon\downloads\tetris-game-main (1)\tetris-game-main\tetris\tetris\tetris\x64\debug\tetris.tlog\cl.write.1.tlog
c:\users\salon\downloads\tetris-game-main (1)\tetris-game-main\tetris\tetris\tetris\x64\debug\tetris.tlog\link.command.1.tlog
c:\users\salon\downloads\tetris-game-main (1)\tetris-game-main\tetris\tetris\tetris\x64\debug\tetris.tlog\link.read.1.tlog
c:\users\salon\downloads\tetris-game-main (1)\tetris-game-main\tetris\tetris\tetris\x64\debug\tetris.tlog\link.secondary.1.tlog
c:\users\salon\downloads\tetris-game-main (1)\tetris-game-main\tetris\tetris\tetris\x64\debug\tetris.tlog\link.write.1.tlog
c:\users\salon\downloads\tetris-game-main (1)\tetris-game-main\tetris\tetris\tetris\x64\debug\tetris.tlog\tetris.write.1u.tlog
